[2020-05-15 10:01:37,518] INFO [GroupMetadataManager brokerId=0] Removed 0 expired offsets in 0 milliseconds. (kafka.coordinator.group.GroupMetadataManager)
[2020-05-15 10:06:47,359] INFO [GroupCoordinator 0]: Preparing to rebalance group connect-cluster in state PreparingRebalance with old generation 3 (__consumer_offsets-13) (reason: Updating metadata for member connect-1-e58bad45-eadf-4441-9512-e72fb994456f) (kafka.coordinator.group.GroupCoordinator)
[2020-05-15 10:06:47,361] INFO [GroupCoordinator 0]: Stabilized group connect-cluster generation 4 (__consumer_offsets-13) (kafka.coordinator.group.GroupCoordinator)
[2020-05-15 10:06:47,363] INFO [GroupCoordinator 0]: Assignment received from leader for group connect-cluster for generation 4 (kafka.coordinator.group.GroupCoordinator)
[2020-05-15 10:06:47,663] INFO [GroupCoordinator 0]: Preparing to rebalance group connect-cluster in state PreparingRebalance with old generation 4 (__consumer_offsets-13) (reason: Updating metadata for member connect-1-e58bad45-eadf-4441-9512-e72fb994456f) (kafka.coordinator.group.GroupCoordinator)
[2020-05-15 10:06:47,663] INFO [GroupCoordinator 0]: Stabilized group connect-cluster generation 5 (__consumer_offsets-13) (kafka.coordinator.group.GroupCoordinator)
[2020-05-15 10:06:47,665] INFO [GroupCoordinator 0]: Assignment received from leader for group connect-cluster for generation 5 (kafka.coordinator.group.GroupCoordinator)
[2020-05-15 10:08:45,478] INFO [GroupCoordinator 0]: Preparing to rebalance group connect-cluster in state PreparingRebalance with old generation 5 (__consumer_offsets-13) (reason: Updating metadata for member connect-1-e58bad45-eadf-4441-9512-e72fb994456f) (kafka.coordinator.group.GroupCoordinator)
[2020-05-15 10:08:45,499] INFO [GroupCoordinator 0]: Stabilized group connect-cluster generation 6 (__consumer_offsets-13) (kafka.coordinator.group.GroupCoordinator)
[2020-05-15 10:08:45,502] INFO [GroupCoordinator 0]: Assignment received from leader for group connect-cluster for generation 6 (kafka.coordinator.group.GroupCoordinator)
[2020-05-15 10:08:45,715] INFO [GroupCoordinator 0]: Preparing to rebalance group mysql-connector-demo-dbhistory in state PreparingRebalance with old generation 0 (__consumer_offsets-21) (reason: Adding new member mysql-connector-demo-dbhistory-037042b2-6fde-497e-9618-cb8409148f18 with group instanceid None) (kafka.coordinator.group.GroupCoordinator)
[2020-05-15 10:08:45,715] INFO [GroupCoordinator 0]: Stabilized group mysql-connector-demo-dbhistory generation 1 (__consumer_offsets-21) (kafka.coordinator.group.GroupCoordinator)
[2020-05-15 10:08:45,722] INFO [GroupCoordinator 0]: Assignment received from leader for group mysql-connector-demo-dbhistory for generation 1 (kafka.coordinator.group.GroupCoordinator)
[2020-05-15 10:08:46,802] INFO [GroupCoordinator 0]: Member[group.instance.id None, member.id mysql-connector-demo-dbhistory-037042b2-6fde-497e-9618-cb8409148f18] in group mysql-connector-demo-dbhistory has left, removing it from the group (kafka.coordinator.group.GroupCoordinator)
[2020-05-15 10:08:46,803] INFO [GroupCoordinator 0]: Preparing to rebalance group mysql-connector-demo-dbhistory in state PreparingRebalance with old generation 1 (__consumer_offsets-21) (reason: removing member mysql-connector-demo-dbhistory-037042b2-6fde-497e-9618-cb8409148f18 on LeaveGroup) (kafka.coordinator.group.GroupCoordinator)
[2020-05-15 10:08:46,804] INFO [GroupCoordinator 0]: Group mysql-connector-demo-dbhistory with generation 2 is now empty (__consumer_offsets-21) (kafka.coordinator.group.GroupCoordinator)
[2020-05-15 10:08:46,940] INFO [GroupCoordinator 0]: Preparing to rebalance group connect-cluster in state PreparingRebalance with old generation 6 (__consumer_offsets-13) (reason: Updating metadata for member connect-1-e58bad45-eadf-4441-9512-e72fb994456f) (kafka.coordinator.group.GroupCoordinator)
[2020-05-15 10:08:46,940] INFO [GroupCoordinator 0]: Stabilized group connect-cluster generation 7 (__consumer_offsets-13) (kafka.coordinator.group.GroupCoordinator)
[2020-05-15 10:08:46,942] INFO [GroupCoordinator 0]: Assignment received from leader for group connect-cluster for generation 7 (kafka.coordinator.group.GroupCoordinator)
[2020-05-15 10:08:47,168] INFO [GroupCoordinator 0]: Preparing to rebalance group mysql-connector-demo-dbhistory in state PreparingRebalance with old generation 2 (__consumer_offsets-21) (reason: Adding new member mysql-connector-demo-dbhistory-961b29c3-a768-495e-b676-dcfb52a7147b with group instanceid None) (kafka.coordinator.group.GroupCoordinator)
[2020-05-15 10:08:47,169] INFO [GroupCoordinator 0]: Stabilized group mysql-connector-demo-dbhistory generation 3 (__consumer_offsets-21) (kafka.coordinator.group.GroupCoordinator)
[2020-05-15 10:08:47,171] INFO [GroupCoordinator 0]: Assignment received from leader for group mysql-connector-demo-dbhistory for generation 3 (kafka.coordinator.group.GroupCoordinator)
[2020-05-15 10:08:48,180] INFO [GroupCoordinator 0]: Member[group.instance.id None, member.id mysql-connector-demo-dbhistory-961b29c3-a768-495e-b676-dcfb52a7147b] in group mysql-connector-demo-dbhistory has left, removing it from the group (kafka.coordinator.group.GroupCoordinator)
[2020-05-15 10:08:48,180] INFO [GroupCoordinator 0]: Preparing to rebalance group mysql-connector-demo-dbhistory in state PreparingRebalance with old generation 3 (__consumer_offsets-21) (reason: removing member mysql-connector-demo-dbhistory-961b29c3-a768-495e-b676-dcfb52a7147b on LeaveGroup) (kafka.coordinator.group.GroupCoordinator)
[2020-05-15 10:08:48,181] INFO [GroupCoordinator 0]: Group mysql-connector-demo-dbhistory with generation 4 is now empty (__consumer_offsets-21) (kafka.coordinator.group.GroupCoordinator)
[2020-05-15 10:09:25,595] INFO [GroupCoordinator 0]: Member[group.instance.id None, member.id consumer-console-consumer-12211-1-b7d75b1e-69ab-4c7c-ae11-b0844f8b64eb] in group console-consumer-12211 has left, removing it from the group (kafka.coordinator.group.GroupCoordinator)
[2020-05-15 10:09:25,596] INFO [GroupCoordinator 0]: Preparing to rebalance group console-consumer-12211 in state PreparingRebalance with old generation 1 (__consumer_offsets-48) (reason: removing member consumer-console-consumer-12211-1-b7d75b1e-69ab-4c7c-ae11-b0844f8b64eb on LeaveGroup) (kafka.coordinator.group.GroupCoordinator)
[2020-05-15 10:09:25,596] INFO [GroupCoordinator 0]: Group console-consumer-12211 with generation 2 is now empty (__consumer_offsets-48) (kafka.coordinator.group.GroupCoordinator)
[2020-05-15 10:09:28,878] INFO [GroupCoordinator 0]: Preparing to rebalance group console-consumer-31936 in state PreparingRebalance with old generation 0 (__consumer_offsets-43) (reason: Adding new member consumer-console-consumer-31936-1-a8929d2a-48a3-4d67-9d10-5f32e4cccf1c with group instanceid None) (kafka.coordinator.group.GroupCoordinator)
[2020-05-15 10:09:28,879] INFO [GroupCoordinator 0]: Stabilized group console-consumer-31936 generation 1 (__consumer_offsets-43) (kafka.coordinator.group.GroupCoordinator)
[2020-05-15 10:09:28,882] INFO [GroupCoordinator 0]: Assignment received from leader for group console-consumer-31936 for generation 1 (kafka.coordinator.group.GroupCoordinator)
[2020-05-15 10:09:30,219] INFO [GroupCoordinator 0]: Member[group.instance.id None, member.id connect-1-e58bad45-eadf-4441-9512-e72fb994456f] in group connect-cluster has left, removing it from the group (kafka.coordinator.group.GroupCoordinator)
[2020-05-15 10:09:30,219] INFO [GroupCoordinator 0]: Preparing to rebalance group connect-cluster in state PreparingRebalance with old generation 7 (__consumer_offsets-13) (reason: removing member connect-1-e58bad45-eadf-4441-9512-e72fb994456f on LeaveGroup) (kafka.coordinator.group.GroupCoordinator)
[2020-05-15 10:09:30,219] INFO [GroupCoordinator 0]: Group connect-cluster with generation 8 is now empty (__consumer_offsets-13) (kafka.coordinator.group.GroupCoordinator)
[2020-05-15 10:09:36,396] INFO [GroupCoordinator 0]: Preparing to rebalance group connect-cluster in state PreparingRebalance with old generation 8 (__consumer_offsets-13) (reason: Adding new member connect-1-0a8371fc-b3bb-4f80-8fa9-cbb66e6b56f0 with group instanceid None) (kafka.coordinator.group.GroupCoordinator)
[2020-05-15 10:09:36,397] INFO [GroupCoordinator 0]: Stabilized group connect-cluster generation 9 (__consumer_offsets-13) (kafka.coordinator.group.GroupCoordinator)
[2020-05-15 10:09:36,423] INFO [GroupCoordinator 0]: Assignment received from leader for group connect-cluster for generation 9 (kafka.coordinator.group.GroupCoordinator)
[2020-05-15 10:09:37,456] INFO [GroupCoordinator 0]: Preparing to rebalance group mysql-connector-demo-dbhistory in state PreparingRebalance with old generation 4 (__consumer_offsets-21) (reason: Adding new member mysql-connector-demo-dbhistory-2a463144-4b71-447f-99ed-da6c7e308f27 with group instanceid None) (kafka.coordinator.group.GroupCoordinator)
[2020-05-15 10:09:37,457] INFO [GroupCoordinator 0]: Stabilized group mysql-connector-demo-dbhistory generation 5 (__consumer_offsets-21) (kafka.coordinator.group.GroupCoordinator)
[2020-05-15 10:09:37,460] INFO [GroupCoordinator 0]: Assignment received from leader for group mysql-connector-demo-dbhistory for generation 5 (kafka.coordinator.group.GroupCoordinator)
[2020-05-15 10:09:40,338] INFO [GroupCoordinator 0]: Member[group.instance.id None, member.id mysql-connector-demo-dbhistory-2a463144-4b71-447f-99ed-da6c7e308f27] in group mysql-connector-demo-dbhistory has left, removing it from the group (kafka.coordinator.group.GroupCoordinator)
[2020-05-15 10:09:40,338] INFO [GroupCoordinator 0]: Preparing to rebalance group mysql-connector-demo-dbhistory in state PreparingRebalance with old generation 5 (__consumer_offsets-21) (reason: removing member mysql-connector-demo-dbhistory-2a463144-4b71-447f-99ed-da6c7e308f27 on LeaveGroup) (kafka.coordinator.group.GroupCoordinator)
[2020-05-15 10:09:40,338] INFO [GroupCoordinator 0]: Group mysql-connector-demo-dbhistory with generation 6 is now empty (__consumer_offsets-21) (kafka.coordinator.group.GroupCoordinator)
[2020-05-15 10:11:37,518] INFO [GroupMetadataManager brokerId=0] Group console-consumer-12211 transitioned to Dead in generation 2 (kafka.coordinator.group.GroupMetadataManager)
[2020-05-15 10:11:37,520] INFO [GroupMetadataManager brokerId=0] Group mysql-connector-demo-dbhistory transitioned to Dead in generation 6 (kafka.coordinator.group.GroupMetadataManager)
[2020-05-15 10:11:37,520] INFO [GroupMetadataManager brokerId=0] Removed 0 expired offsets in 2 milliseconds. (kafka.coordinator.group.GroupMetadataManager)
[2020-05-15 10:21:37,518] INFO [GroupMetadataManager brokerId=0] Removed 0 expired offsets in 0 milliseconds. (kafka.coordinator.group.GroupMetadataManager)
[2020-05-15 10:31:37,518] INFO [GroupMetadataManager brokerId=0] Removed 0 expired offsets in 0 milliseconds. (kafka.coordinator.group.GroupMetadataManager)
[2020-05-15 10:41:37,518] INFO [GroupMetadataManager brokerId=0] Removed 0 expired offsets in 0 milliseconds. (kafka.coordinator.group.GroupMetadataManager)
